<?xml version="1.0" encoding="UTF-8"?>
<testsuite xmlns:xsi="http://www.w3.org/2001/XMLSchema-instance" xsi:noNamespaceSchemaLocation="https://maven.apache.org/surefire/maven-surefire-plugin/xsd/surefire-test-report.xsd" name="com.zn.znoj.judge.sandbox.SandBoxTest" time="8.606" tests="2" errors="0" skipped="0" failures="0">
  <properties>
    <property name="java.specification.version" value="17"/>
    <property name="sun.cpu.isalist" value="amd64"/>
    <property name="sun.jnu.encoding" value="GBK"/>
    <property name="java.class.path" value="C:\Users\admin\Documents\毕设\2025\code\znoj-backend\target\test-classes;C:\Users\admin\Documents\毕设\2025\code\znoj-backend\target\classes;D:\apache\mvnrepo\org\springframework\boot\spring-boot-starter-freemarker\2.7.2\spring-boot-starter-freemarker-2.7.2.jar;D:\apache\mvnrepo\org\springframework\boot\spring-boot-starter\2.7.2\spring-boot-starter-2.7.2.jar;D:\apache\mvnrepo\org\springframework\boot\spring-boot-starter-logging\2.7.2\spring-boot-starter-logging-2.7.2.jar;D:\apache\mvnrepo\ch\qos\logback\logback-classic\1.2.11\logback-classic-1.2.11.jar;D:\apache\mvnrepo\ch\qos\logback\logback-core\1.2.11\logback-core-1.2.11.jar;D:\apache\mvnrepo\org\apache\logging\log4j\log4j-to-slf4j\2.17.2\log4j-to-slf4j-2.17.2.jar;D:\apache\mvnrepo\org\apache\logging\log4j\log4j-api\2.17.2\log4j-api-2.17.2.jar;D:\apache\mvnrepo\org\slf4j\jul-to-slf4j\1.7.36\jul-to-slf4j-1.7.36.jar;D:\apache\mvnrepo\jakarta\annotation\jakarta.annotation-api\1.3.5\jakarta.annotation-api-1.3.5.jar;D:\apache\mvnrepo\org\yaml\snakeyaml\1.30\snakeyaml-1.30.jar;D:\apache\mvnrepo\org\freemarker\freemarker\2.3.31\freemarker-2.3.31.jar;D:\apache\mvnrepo\org\springframework\spring-context-support\5.3.22\spring-context-support-5.3.22.jar;D:\apache\mvnrepo\org\springframework\spring-beans\5.3.22\spring-beans-5.3.22.jar;D:\apache\mvnrepo\org\springframework\spring-context\5.3.22\spring-context-5.3.22.jar;D:\apache\mvnrepo\com\alibaba\fastjson\2.0.31\fastjson-2.0.31.jar;D:\apache\mvnrepo\com\alibaba\fastjson2\fastjson2-extension\2.0.31\fastjson2-extension-2.0.31.jar;D:\apache\mvnrepo\com\alibaba\fastjson2\fastjson2\2.0.31\fastjson2-2.0.31.jar;D:\apache\mvnrepo\org\springframework\boot\spring-boot-starter-web\2.7.2\spring-boot-starter-web-2.7.2.jar;D:\apache\mvnrepo\org\springframework\boot\spring-boot-starter-json\2.7.2\spring-boot-starter-json-2.7.2.jar;D:\apache\mvnrepo\com\fasterxml\jackson\core\jackson-databind\2.13.3\jackson-databind-2.13.3.jar;D:\apache\mvnrepo\com\fasterxml\jackson\datatype\jackson-datatype-jdk8\2.13.3\jackson-datatype-jdk8-2.13.3.jar;D:\apache\mvnrepo\com\fasterxml\jackson\datatype\jackson-datatype-jsr310\2.13.3\jackson-datatype-jsr310-2.13.3.jar;D:\apache\mvnrepo\com\fasterxml\jackson\module\jackson-module-parameter-names\2.13.3\jackson-module-parameter-names-2.13.3.jar;D:\apache\mvnrepo\org\springframework\boot\spring-boot-starter-tomcat\2.7.2\spring-boot-starter-tomcat-2.7.2.jar;D:\apache\mvnrepo\org\apache\tomcat\embed\tomcat-embed-core\9.0.65\tomcat-embed-core-9.0.65.jar;D:\apache\mvnrepo\org\apache\tomcat\embed\tomcat-embed-el\9.0.65\tomcat-embed-el-9.0.65.jar;D:\apache\mvnrepo\org\apache\tomcat\embed\tomcat-embed-websocket\9.0.65\tomcat-embed-websocket-9.0.65.jar;D:\apache\mvnrepo\org\springframework\spring-web\5.3.22\spring-web-5.3.22.jar;D:\apache\mvnrepo\org\springframework\spring-webmvc\5.3.22\spring-webmvc-5.3.22.jar;D:\apache\mvnrepo\org\springframework\spring-expression\5.3.22\spring-expression-5.3.22.jar;D:\apache\mvnrepo\org\apache\httpcomponents\httpclient\4.5.13\httpclient-4.5.13.jar;D:\apache\mvnrepo\org\apache\httpcomponents\httpcore\4.4.15\httpcore-4.4.15.jar;D:\apache\mvnrepo\commons-codec\commons-codec\1.15\commons-codec-1.15.jar;D:\apache\mvnrepo\org\springframework\boot\spring-boot-starter-aop\2.7.2\spring-boot-starter-aop-2.7.2.jar;D:\apache\mvnrepo\org\springframework\spring-aop\5.3.22\spring-aop-5.3.22.jar;D:\apache\mvnrepo\org\aspectj\aspectjweaver\1.9.7\aspectjweaver-1.9.7.jar;D:\apache\mvnrepo\org\mybatis\spring\boot\mybatis-spring-boot-starter\2.2.2\mybatis-spring-boot-starter-2.2.2.jar;D:\apache\mvnrepo\org\springframework\boot\spring-boot-starter-jdbc\2.7.2\spring-boot-starter-jdbc-2.7.2.jar;D:\apache\mvnrepo\com\zaxxer\HikariCP\4.0.3\HikariCP-4.0.3.jar;D:\apache\mvnrepo\org\springframework\spring-jdbc\5.3.22\spring-jdbc-5.3.22.jar;D:\apache\mvnrepo\org\mybatis\spring\boot\mybatis-spring-boot-autoconfigure\2.2.2\mybatis-spring-boot-autoconfigure-2.2.2.jar;D:\apache\mvnrepo\org\mybatis\mybatis\3.5.9\mybatis-3.5.9.jar;D:\apache\mvnrepo\org\mybatis\mybatis-spring\2.0.7\mybatis-spring-2.0.7.jar;D:\apache\mvnrepo\com\baomidou\mybatis-plus-boot-starter\3.5.2\mybatis-plus-boot-starter-3.5.2.jar;D:\apache\mvnrepo\com\baomidou\mybatis-plus\3.5.2\mybatis-plus-3.5.2.jar;D:\apache\mvnrepo\com\baomidou\mybatis-plus-extension\3.5.2\mybatis-plus-extension-3.5.2.jar;D:\apache\mvnrepo\com\baomidou\mybatis-plus-core\3.5.2\mybatis-plus-core-3.5.2.jar;D:\apache\mvnrepo\com\baomidou\mybatis-plus-annotation\3.5.2\mybatis-plus-annotation-3.5.2.jar;D:\apache\mvnrepo\com\github\jsqlparser\jsqlparser\4.4\jsqlparser-4.4.jar;D:\apache\mvnrepo\org\jetbrains\kotlin\kotlin-stdlib-jdk8\1.6.21\kotlin-stdlib-jdk8-1.6.21.jar;D:\apache\mvnrepo\org\jetbrains\kotlin\kotlin-stdlib\1.6.21\kotlin-stdlib-1.6.21.jar;D:\apache\mvnrepo\org\jetbrains\kotlin\kotlin-stdlib-common\1.6.21\kotlin-stdlib-common-1.6.21.jar;D:\apache\mvnrepo\org\jetbrains\annotations\13.0\annotations-13.0.jar;D:\apache\mvnrepo\org\jetbrains\kotlin\kotlin-stdlib-jdk7\1.6.21\kotlin-stdlib-jdk7-1.6.21.jar;D:\apache\mvnrepo\org\springframework\boot\spring-boot-autoconfigure\2.7.2\spring-boot-autoconfigure-2.7.2.jar;D:\apache\mvnrepo\com\baomidou\mybatis-plus-generator\3.5.2\mybatis-plus-generator-3.5.2.jar;D:\apache\mvnrepo\org\apache\velocity\velocity-engine-core\2.3\velocity-engine-core-2.3.jar;D:\apache\mvnrepo\org\slf4j\slf4j-api\1.7.36\slf4j-api-1.7.36.jar;D:\apache\mvnrepo\org\springframework\boot\spring-boot-starter-data-redis\2.7.2\spring-boot-starter-data-redis-2.7.2.jar;D:\apache\mvnrepo\org\springframework\data\spring-data-redis\2.7.2\spring-data-redis-2.7.2.jar;D:\apache\mvnrepo\org\springframework\data\spring-data-keyvalue\2.7.2\spring-data-keyvalue-2.7.2.jar;D:\apache\mvnrepo\org\springframework\spring-tx\5.3.22\spring-tx-5.3.22.jar;D:\apache\mvnrepo\org\springframework\spring-oxm\5.3.22\spring-oxm-5.3.22.jar;D:\apache\mvnrepo\io\lettuce\lettuce-core\6.1.9.RELEASE\lettuce-core-6.1.9.RELEASE.jar;D:\apache\mvnrepo\io\netty\netty-common\4.1.79.Final\netty-common-4.1.79.Final.jar;D:\apache\mvnrepo\io\netty\netty-handler\4.1.79.Final\netty-handler-4.1.79.Final.jar;D:\apache\mvnrepo\io\netty\netty-resolver\4.1.79.Final\netty-resolver-4.1.79.Final.jar;D:\apache\mvnrepo\io\netty\netty-buffer\4.1.79.Final\netty-buffer-4.1.79.Final.jar;D:\apache\mvnrepo\io\netty\netty-transport-native-unix-common\4.1.79.Final\netty-transport-native-unix-common-4.1.79.Final.jar;D:\apache\mvnrepo\io\netty\netty-codec\4.1.79.Final\netty-codec-4.1.79.Final.jar;D:\apache\mvnrepo\io\netty\netty-transport\4.1.79.Final\netty-transport-4.1.79.Final.jar;D:\apache\mvnrepo\io\projectreactor\reactor-core\3.4.21\reactor-core-3.4.21.jar;D:\apache\mvnrepo\org\reactivestreams\reactive-streams\1.0.4\reactive-streams-1.0.4.jar;D:\apache\mvnrepo\org\springframework\session\spring-session-data-redis\2.7.0\spring-session-data-redis-2.7.0.jar;D:\apache\mvnrepo\org\springframework\session\spring-session-core\2.7.0\spring-session-core-2.7.0.jar;D:\apache\mvnrepo\org\springframework\spring-jcl\5.3.22\spring-jcl-5.3.22.jar;D:\apache\mvnrepo\org\springframework\boot\spring-boot-starter-data-elasticsearch\2.7.2\spring-boot-starter-data-elasticsearch-2.7.2.jar;D:\apache\mvnrepo\org\springframework\data\spring-data-elasticsearch\4.4.2\spring-data-elasticsearch-4.4.2.jar;D:\apache\mvnrepo\org\springframework\data\spring-data-commons\2.7.2\spring-data-commons-2.7.2.jar;D:\apache\mvnrepo\org\elasticsearch\client\elasticsearch-rest-high-level-client\7.17.4\elasticsearch-rest-high-level-client-7.17.4.jar;D:\apache\mvnrepo\org\elasticsearch\elasticsearch\7.17.4\elasticsearch-7.17.4.jar;D:\apache\mvnrepo\org\elasticsearch\elasticsearch-core\7.17.4\elasticsearch-core-7.17.4.jar;D:\apache\mvnrepo\org\elasticsearch\elasticsearch-secure-sm\7.17.4\elasticsearch-secure-sm-7.17.4.jar;D:\apache\mvnrepo\org\elasticsearch\elasticsearch-x-content\7.17.4\elasticsearch-x-content-7.17.4.jar;D:\apache\mvnrepo\com\fasterxml\jackson\dataformat\jackson-dataformat-smile\2.13.3\jackson-dataformat-smile-2.13.3.jar;D:\apache\mvnrepo\com\fasterxml\jackson\dataformat\jackson-dataformat-yaml\2.13.3\jackson-dataformat-yaml-2.13.3.jar;D:\apache\mvnrepo\com\fasterxml\jackson\dataformat\jackson-dataformat-cbor\2.13.3\jackson-dataformat-cbor-2.13.3.jar;D:\apache\mvnrepo\org\elasticsearch\elasticsearch-geo\7.17.4\elasticsearch-geo-7.17.4.jar;D:\apache\mvnrepo\org\elasticsearch\elasticsearch-lz4\7.17.4\elasticsearch-lz4-7.17.4.jar;D:\apache\mvnrepo\org\lz4\lz4-java\1.8.0\lz4-java-1.8.0.jar;D:\apache\mvnrepo\org\apache\lucene\lucene-core\8.11.1\lucene-core-8.11.1.jar;D:\apache\mvnrepo\org\apache\lucene\lucene-analyzers-common\8.11.1\lucene-analyzers-common-8.11.1.jar;D:\apache\mvnrepo\org\apache\lucene\lucene-backward-codecs\8.11.1\lucene-backward-codecs-8.11.1.jar;D:\apache\mvnrepo\org\apache\lucene\lucene-grouping\8.11.1\lucene-grouping-8.11.1.jar;D:\apache\mvnrepo\org\apache\lucene\lucene-highlighter\8.11.1\lucene-highlighter-8.11.1.jar;D:\apache\mvnrepo\org\apache\lucene\lucene-join\8.11.1\lucene-join-8.11.1.jar;D:\apache\mvnrepo\org\apache\lucene\lucene-memory\8.11.1\lucene-memory-8.11.1.jar;D:\apache\mvnrepo\org\apache\lucene\lucene-misc\8.11.1\lucene-misc-8.11.1.jar;D:\apache\mvnrepo\org\apache\lucene\lucene-queries\8.11.1\lucene-queries-8.11.1.jar;D:\apache\mvnrepo\org\apache\lucene\lucene-queryparser\8.11.1\lucene-queryparser-8.11.1.jar;D:\apache\mvnrepo\org\apache\lucene\lucene-sandbox\8.11.1\lucene-sandbox-8.11.1.jar;D:\apache\mvnrepo\org\apache\lucene\lucene-spatial3d\8.11.1\lucene-spatial3d-8.11.1.jar;D:\apache\mvnrepo\org\apache\lucene\lucene-suggest\8.11.1\lucene-suggest-8.11.1.jar;D:\apache\mvnrepo\org\elasticsearch\elasticsearch-cli\7.17.4\elasticsearch-cli-7.17.4.jar;D:\apache\mvnrepo\net\sf\jopt-simple\jopt-simple\5.0.2\jopt-simple-5.0.2.jar;D:\apache\mvnrepo\com\carrotsearch\hppc\0.8.1\hppc-0.8.1.jar;D:\apache\mvnrepo\joda-time\joda-time\2.10.10\joda-time-2.10.10.jar;D:\apache\mvnrepo\com\tdunning\t-digest\3.2\t-digest-3.2.jar;D:\apache\mvnrepo\org\hdrhistogram\HdrHistogram\2.1.9\HdrHistogram-2.1.9.jar;D:\apache\mvnrepo\net\java\dev\jna\jna\5.10.0\jna-5.10.0.jar;D:\apache\mvnrepo\org\elasticsearch\elasticsearch-plugin-classloader\7.17.4\elasticsearch-plugin-classloader-7.17.4.jar;D:\apache\mvnrepo\org\elasticsearch\plugin\mapper-extras-client\7.17.4\mapper-extras-client-7.17.4.jar;D:\apache\mvnrepo\org\elasticsearch\plugin\parent-join-client\7.17.4\parent-join-client-7.17.4.jar;D:\apache\mvnrepo\org\elasticsearch\plugin\aggs-matrix-stats-client\7.17.4\aggs-matrix-stats-client-7.17.4.jar;D:\apache\mvnrepo\org\elasticsearch\plugin\rank-eval-client\7.17.4\rank-eval-client-7.17.4.jar;D:\apache\mvnrepo\org\elasticsearch\plugin\lang-mustache-client\7.17.4\lang-mustache-client-7.17.4.jar;D:\apache\mvnrepo\com\github\spullara\mustache\java\compiler\0.9.6\compiler-0.9.6.jar;D:\apache\mvnrepo\co\elastic\clients\elasticsearch-java\7.17.4\elasticsearch-java-7.17.4.jar;D:\apache\mvnrepo\com\google\code\findbugs\jsr305\3.0.2\jsr305-3.0.2.jar;D:\apache\mvnrepo\jakarta\json\jakarta.json-api\1.1.6\jakarta.json-api-1.1.6.jar;D:\apache\mvnrepo\org\eclipse\parsson\parsson\1.0.0\parsson-1.0.0.jar;D:\apache\mvnrepo\org\elasticsearch\client\elasticsearch-rest-client\7.17.4\elasticsearch-rest-client-7.17.4.jar;D:\apache\mvnrepo\org\apache\httpcomponents\httpasyncclient\4.1.5\httpasyncclient-4.1.5.jar;D:\apache\mvnrepo\org\apache\httpcomponents\httpcore-nio\4.4.15\httpcore-nio-4.4.15.jar;D:\apache\mvnrepo\com\fasterxml\jackson\core\jackson-core\2.13.3\jackson-core-2.13.3.jar;D:\apache\mvnrepo\com\github\xiaoymin\knife4j-openapi2-spring-boot-starter\4.4.0\knife4j-openapi2-spring-boot-starter-4.4.0.jar;D:\apache\mvnrepo\com\github\xiaoymin\knife4j-core\4.4.0\knife4j-core-4.4.0.jar;D:\apache\mvnrepo\com\github\xiaoymin\knife4j-openapi2-ui\4.4.0\knife4j-openapi2-ui-4.4.0.jar;D:\apache\mvnrepo\org\javassist\javassist\3.25.0-GA\javassist-3.25.0-GA.jar;D:\apache\mvnrepo\io\springfox\springfox-swagger2\2.10.5\springfox-swagger2-2.10.5.jar;D:\apache\mvnrepo\io\springfox\springfox-spi\2.10.5\springfox-spi-2.10.5.jar;D:\apache\mvnrepo\io\springfox\springfox-core\2.10.5\springfox-core-2.10.5.jar;D:\apache\mvnrepo\io\springfox\springfox-schema\2.10.5\springfox-schema-2.10.5.jar;D:\apache\mvnrepo\io\springfox\springfox-swagger-common\2.10.5\springfox-swagger-common-2.10.5.jar;D:\apache\mvnrepo\io\springfox\springfox-spring-web\2.10.5\springfox-spring-web-2.10.5.jar;D:\apache\mvnrepo\io\github\classgraph\classgraph\4.1.7\classgraph-4.1.7.jar;D:\apache\mvnrepo\com\fasterxml\classmate\1.5.1\classmate-1.5.1.jar;D:\apache\mvnrepo\org\springframework\plugin\spring-plugin-core\2.0.0.RELEASE\spring-plugin-core-2.0.0.RELEASE.jar;D:\apache\mvnrepo\org\springframework\plugin\spring-plugin-metadata\2.0.0.RELEASE\spring-plugin-metadata-2.0.0.RELEASE.jar;D:\apache\mvnrepo\org\mapstruct\mapstruct\1.3.1.Final\mapstruct-1.3.1.Final.jar;D:\apache\mvnrepo\io\swagger\swagger-models\1.6.6\swagger-models-1.6.6.jar;D:\apache\mvnrepo\com\fasterxml\jackson\core\jackson-annotations\2.13.3\jackson-annotations-2.13.3.jar;D:\apache\mvnrepo\io\swagger\swagger-annotations\1.6.6\swagger-annotations-1.6.6.jar;D:\apache\mvnrepo\io\springfox\springfox-bean-validators\2.10.5\springfox-bean-validators-2.10.5.jar;D:\apache\mvnrepo\io\springfox\springfox-spring-webmvc\2.10.5\springfox-spring-webmvc-2.10.5.jar;D:\apache\mvnrepo\org\apache\commons\commons-lang3\3.12.0\commons-lang3-3.12.0.jar;D:\apache\mvnrepo\cn\hutool\hutool-all\5.8.8\hutool-all-5.8.8.jar;D:\apache\mvnrepo\org\springframework\boot\spring-boot-devtools\2.7.2\spring-boot-devtools-2.7.2.jar;D:\apache\mvnrepo\org\springframework\boot\spring-boot\2.7.2\spring-boot-2.7.2.jar;D:\apache\mvnrepo\mysql\mysql-connector-java\8.0.29\mysql-connector-java-8.0.29.jar;D:\apache\mvnrepo\org\springframework\boot\spring-boot-configuration-processor\2.7.2\spring-boot-configuration-processor-2.7.2.jar;D:\apache\mvnrepo\org\projectlombok\lombok\1.18.24\lombok-1.18.24.jar;D:\apache\mvnrepo\org\springframework\boot\spring-boot-starter-test\2.7.2\spring-boot-starter-test-2.7.2.jar;D:\apache\mvnrepo\org\springframework\boot\spring-boot-test\2.7.2\spring-boot-test-2.7.2.jar;D:\apache\mvnrepo\org\springframework\boot\spring-boot-test-autoconfigure\2.7.2\spring-boot-test-autoconfigure-2.7.2.jar;D:\apache\mvnrepo\com\jayway\jsonpath\json-path\2.7.0\json-path-2.7.0.jar;D:\apache\mvnrepo\net\minidev\json-smart\2.4.8\json-smart-2.4.8.jar;D:\apache\mvnrepo\net\minidev\accessors-smart\2.4.8\accessors-smart-2.4.8.jar;D:\apache\mvnrepo\org\ow2\asm\asm\9.1\asm-9.1.jar;D:\apache\mvnrepo\jakarta\xml\bind\jakarta.xml.bind-api\2.3.3\jakarta.xml.bind-api-2.3.3.jar;D:\apache\mvnrepo\jakarta\activation\jakarta.activation-api\1.2.2\jakarta.activation-api-1.2.2.jar;D:\apache\mvnrepo\org\assertj\assertj-core\3.22.0\assertj-core-3.22.0.jar;D:\apache\mvnrepo\org\hamcrest\hamcrest\2.2\hamcrest-2.2.jar;D:\apache\mvnrepo\org\junit\jupiter\junit-jupiter\5.8.2\junit-jupiter-5.8.2.jar;D:\apache\mvnrepo\org\junit\jupiter\junit-jupiter-api\5.8.2\junit-jupiter-api-5.8.2.jar;D:\apache\mvnrepo\org\opentest4j\opentest4j\1.2.0\opentest4j-1.2.0.jar;D:\apache\mvnrepo\org\junit\platform\junit-platform-commons\1.8.2\junit-platform-commons-1.8.2.jar;D:\apache\mvnrepo\org\apiguardian\apiguardian-api\1.1.2\apiguardian-api-1.1.2.jar;D:\apache\mvnrepo\org\junit\jupiter\junit-jupiter-params\5.8.2\junit-jupiter-params-5.8.2.jar;D:\apache\mvnrepo\org\junit\jupiter\junit-jupiter-engine\5.8.2\junit-jupiter-engine-5.8.2.jar;D:\apache\mvnrepo\org\junit\platform\junit-platform-engine\1.8.2\junit-platform-engine-1.8.2.jar;D:\apache\mvnrepo\org\mockito\mockito-core\4.5.1\mockito-core-4.5.1.jar;D:\apache\mvnrepo\net\bytebuddy\byte-buddy\1.12.12\byte-buddy-1.12.12.jar;D:\apache\mvnrepo\net\bytebuddy\byte-buddy-agent\1.12.12\byte-buddy-agent-1.12.12.jar;D:\apache\mvnrepo\org\objenesis\objenesis\3.2\objenesis-3.2.jar;D:\apache\mvnrepo\org\mockito\mockito-junit-jupiter\4.5.1\mockito-junit-jupiter-4.5.1.jar;D:\apache\mvnrepo\org\skyscreamer\jsonassert\1.5.1\jsonassert-1.5.1.jar;D:\apache\mvnrepo\com\vaadin\external\google\android-json\0.0.20131108.vaadin1\android-json-0.0.20131108.vaadin1.jar;D:\apache\mvnrepo\org\springframework\spring-core\5.3.22\spring-core-5.3.22.jar;D:\apache\mvnrepo\org\springframework\spring-test\5.3.22\spring-test-5.3.22.jar;D:\apache\mvnrepo\org\xmlunit\xmlunit-core\2.9.0\xmlunit-core-2.9.0.jar;"/>
    <property name="java.vm.vendor" value="Oracle Corporation"/>
    <property name="sun.arch.data.model" value="64"/>
    <property name="user.variant" value=""/>
    <property name="java.vendor.url" value="https://java.oracle.com/"/>
    <property name="user.timezone" value="Asia/Shanghai"/>
    <property name="os.name" value="Windows 10"/>
    <property name="java.vm.specification.version" value="17"/>
    <property name="sun.java.launcher" value="SUN_STANDARD"/>
    <property name="user.country" value="CN"/>
    <property name="sun.boot.library.path" value="D:\Java\jdk-17\bin"/>
    <property name="sun.java.command" value="C:\Users\admin\AppData\Local\Temp\surefire431842844847063016\surefirebooter2151568294416703461.jar C:\Users\admin\AppData\Local\Temp\surefire431842844847063016 2025-05-15T02-35-51_294-jvmRun1 surefire10175849022069182352tmp surefire_06936027236564587950tmp"/>
    <property name="jdk.debug" value="release"/>
    <property name="surefire.test.class.path" value="C:\Users\admin\Documents\毕设\2025\code\znoj-backend\target\test-classes;C:\Users\admin\Documents\毕设\2025\code\znoj-backend\target\classes;D:\apache\mvnrepo\org\springframework\boot\spring-boot-starter-freemarker\2.7.2\spring-boot-starter-freemarker-2.7.2.jar;D:\apache\mvnrepo\org\springframework\boot\spring-boot-starter\2.7.2\spring-boot-starter-2.7.2.jar;D:\apache\mvnrepo\org\springframework\boot\spring-boot-starter-logging\2.7.2\spring-boot-starter-logging-2.7.2.jar;D:\apache\mvnrepo\ch\qos\logback\logback-classic\1.2.11\logback-classic-1.2.11.jar;D:\apache\mvnrepo\ch\qos\logback\logback-core\1.2.11\logback-core-1.2.11.jar;D:\apache\mvnrepo\org\apache\logging\log4j\log4j-to-slf4j\2.17.2\log4j-to-slf4j-2.17.2.jar;D:\apache\mvnrepo\org\apache\logging\log4j\log4j-api\2.17.2\log4j-api-2.17.2.jar;D:\apache\mvnrepo\org\slf4j\jul-to-slf4j\1.7.36\jul-to-slf4j-1.7.36.jar;D:\apache\mvnrepo\jakarta\annotation\jakarta.annotation-api\1.3.5\jakarta.annotation-api-1.3.5.jar;D:\apache\mvnrepo\org\yaml\snakeyaml\1.30\snakeyaml-1.30.jar;D:\apache\mvnrepo\org\freemarker\freemarker\2.3.31\freemarker-2.3.31.jar;D:\apache\mvnrepo\org\springframework\spring-context-support\5.3.22\spring-context-support-5.3.22.jar;D:\apache\mvnrepo\org\springframework\spring-beans\5.3.22\spring-beans-5.3.22.jar;D:\apache\mvnrepo\org\springframework\spring-context\5.3.22\spring-context-5.3.22.jar;D:\apache\mvnrepo\com\alibaba\fastjson\2.0.31\fastjson-2.0.31.jar;D:\apache\mvnrepo\com\alibaba\fastjson2\fastjson2-extension\2.0.31\fastjson2-extension-2.0.31.jar;D:\apache\mvnrepo\com\alibaba\fastjson2\fastjson2\2.0.31\fastjson2-2.0.31.jar;D:\apache\mvnrepo\org\springframework\boot\spring-boot-starter-web\2.7.2\spring-boot-starter-web-2.7.2.jar;D:\apache\mvnrepo\org\springframework\boot\spring-boot-starter-json\2.7.2\spring-boot-starter-json-2.7.2.jar;D:\apache\mvnrepo\com\fasterxml\jackson\core\jackson-databind\2.13.3\jackson-databind-2.13.3.jar;D:\apache\mvnrepo\com\fasterxml\jackson\datatype\jackson-datatype-jdk8\2.13.3\jackson-datatype-jdk8-2.13.3.jar;D:\apache\mvnrepo\com\fasterxml\jackson\datatype\jackson-datatype-jsr310\2.13.3\jackson-datatype-jsr310-2.13.3.jar;D:\apache\mvnrepo\com\fasterxml\jackson\module\jackson-module-parameter-names\2.13.3\jackson-module-parameter-names-2.13.3.jar;D:\apache\mvnrepo\org\springframework\boot\spring-boot-starter-tomcat\2.7.2\spring-boot-starter-tomcat-2.7.2.jar;D:\apache\mvnrepo\org\apache\tomcat\embed\tomcat-embed-core\9.0.65\tomcat-embed-core-9.0.65.jar;D:\apache\mvnrepo\org\apache\tomcat\embed\tomcat-embed-el\9.0.65\tomcat-embed-el-9.0.65.jar;D:\apache\mvnrepo\org\apache\tomcat\embed\tomcat-embed-websocket\9.0.65\tomcat-embed-websocket-9.0.65.jar;D:\apache\mvnrepo\org\springframework\spring-web\5.3.22\spring-web-5.3.22.jar;D:\apache\mvnrepo\org\springframework\spring-webmvc\5.3.22\spring-webmvc-5.3.22.jar;D:\apache\mvnrepo\org\springframework\spring-expression\5.3.22\spring-expression-5.3.22.jar;D:\apache\mvnrepo\org\apache\httpcomponents\httpclient\4.5.13\httpclient-4.5.13.jar;D:\apache\mvnrepo\org\apache\httpcomponents\httpcore\4.4.15\httpcore-4.4.15.jar;D:\apache\mvnrepo\commons-codec\commons-codec\1.15\commons-codec-1.15.jar;D:\apache\mvnrepo\org\springframework\boot\spring-boot-starter-aop\2.7.2\spring-boot-starter-aop-2.7.2.jar;D:\apache\mvnrepo\org\springframework\spring-aop\5.3.22\spring-aop-5.3.22.jar;D:\apache\mvnrepo\org\aspectj\aspectjweaver\1.9.7\aspectjweaver-1.9.7.jar;D:\apache\mvnrepo\org\mybatis\spring\boot\mybatis-spring-boot-starter\2.2.2\mybatis-spring-boot-starter-2.2.2.jar;D:\apache\mvnrepo\org\springframework\boot\spring-boot-starter-jdbc\2.7.2\spring-boot-starter-jdbc-2.7.2.jar;D:\apache\mvnrepo\com\zaxxer\HikariCP\4.0.3\HikariCP-4.0.3.jar;D:\apache\mvnrepo\org\springframework\spring-jdbc\5.3.22\spring-jdbc-5.3.22.jar;D:\apache\mvnrepo\org\mybatis\spring\boot\mybatis-spring-boot-autoconfigure\2.2.2\mybatis-spring-boot-autoconfigure-2.2.2.jar;D:\apache\mvnrepo\org\mybatis\mybatis\3.5.9\mybatis-3.5.9.jar;D:\apache\mvnrepo\org\mybatis\mybatis-spring\2.0.7\mybatis-spring-2.0.7.jar;D:\apache\mvnrepo\com\baomidou\mybatis-plus-boot-starter\3.5.2\mybatis-plus-boot-starter-3.5.2.jar;D:\apache\mvnrepo\com\baomidou\mybatis-plus\3.5.2\mybatis-plus-3.5.2.jar;D:\apache\mvnrepo\com\baomidou\mybatis-plus-extension\3.5.2\mybatis-plus-extension-3.5.2.jar;D:\apache\mvnrepo\com\baomidou\mybatis-plus-core\3.5.2\mybatis-plus-core-3.5.2.jar;D:\apache\mvnrepo\com\baomidou\mybatis-plus-annotation\3.5.2\mybatis-plus-annotation-3.5.2.jar;D:\apache\mvnrepo\com\github\jsqlparser\jsqlparser\4.4\jsqlparser-4.4.jar;D:\apache\mvnrepo\org\jetbrains\kotlin\kotlin-stdlib-jdk8\1.6.21\kotlin-stdlib-jdk8-1.6.21.jar;D:\apache\mvnrepo\org\jetbrains\kotlin\kotlin-stdlib\1.6.21\kotlin-stdlib-1.6.21.jar;D:\apache\mvnrepo\org\jetbrains\kotlin\kotlin-stdlib-common\1.6.21\kotlin-stdlib-common-1.6.21.jar;D:\apache\mvnrepo\org\jetbrains\annotations\13.0\annotations-13.0.jar;D:\apache\mvnrepo\org\jetbrains\kotlin\kotlin-stdlib-jdk7\1.6.21\kotlin-stdlib-jdk7-1.6.21.jar;D:\apache\mvnrepo\org\springframework\boot\spring-boot-autoconfigure\2.7.2\spring-boot-autoconfigure-2.7.2.jar;D:\apache\mvnrepo\com\baomidou\mybatis-plus-generator\3.5.2\mybatis-plus-generator-3.5.2.jar;D:\apache\mvnrepo\org\apache\velocity\velocity-engine-core\2.3\velocity-engine-core-2.3.jar;D:\apache\mvnrepo\org\slf4j\slf4j-api\1.7.36\slf4j-api-1.7.36.jar;D:\apache\mvnrepo\org\springframework\boot\spring-boot-starter-data-redis\2.7.2\spring-boot-starter-data-redis-2.7.2.jar;D:\apache\mvnrepo\org\springframework\data\spring-data-redis\2.7.2\spring-data-redis-2.7.2.jar;D:\apache\mvnrepo\org\springframework\data\spring-data-keyvalue\2.7.2\spring-data-keyvalue-2.7.2.jar;D:\apache\mvnrepo\org\springframework\spring-tx\5.3.22\spring-tx-5.3.22.jar;D:\apache\mvnrepo\org\springframework\spring-oxm\5.3.22\spring-oxm-5.3.22.jar;D:\apache\mvnrepo\io\lettuce\lettuce-core\6.1.9.RELEASE\lettuce-core-6.1.9.RELEASE.jar;D:\apache\mvnrepo\io\netty\netty-common\4.1.79.Final\netty-common-4.1.79.Final.jar;D:\apache\mvnrepo\io\netty\netty-handler\4.1.79.Final\netty-handler-4.1.79.Final.jar;D:\apache\mvnrepo\io\netty\netty-resolver\4.1.79.Final\netty-resolver-4.1.79.Final.jar;D:\apache\mvnrepo\io\netty\netty-buffer\4.1.79.Final\netty-buffer-4.1.79.Final.jar;D:\apache\mvnrepo\io\netty\netty-transport-native-unix-common\4.1.79.Final\netty-transport-native-unix-common-4.1.79.Final.jar;D:\apache\mvnrepo\io\netty\netty-codec\4.1.79.Final\netty-codec-4.1.79.Final.jar;D:\apache\mvnrepo\io\netty\netty-transport\4.1.79.Final\netty-transport-4.1.79.Final.jar;D:\apache\mvnrepo\io\projectreactor\reactor-core\3.4.21\reactor-core-3.4.21.jar;D:\apache\mvnrepo\org\reactivestreams\reactive-streams\1.0.4\reactive-streams-1.0.4.jar;D:\apache\mvnrepo\org\springframework\session\spring-session-data-redis\2.7.0\spring-session-data-redis-2.7.0.jar;D:\apache\mvnrepo\org\springframework\session\spring-session-core\2.7.0\spring-session-core-2.7.0.jar;D:\apache\mvnrepo\org\springframework\spring-jcl\5.3.22\spring-jcl-5.3.22.jar;D:\apache\mvnrepo\org\springframework\boot\spring-boot-starter-data-elasticsearch\2.7.2\spring-boot-starter-data-elasticsearch-2.7.2.jar;D:\apache\mvnrepo\org\springframework\data\spring-data-elasticsearch\4.4.2\spring-data-elasticsearch-4.4.2.jar;D:\apache\mvnrepo\org\springframework\data\spring-data-commons\2.7.2\spring-data-commons-2.7.2.jar;D:\apache\mvnrepo\org\elasticsearch\client\elasticsearch-rest-high-level-client\7.17.4\elasticsearch-rest-high-level-client-7.17.4.jar;D:\apache\mvnrepo\org\elasticsearch\elasticsearch\7.17.4\elasticsearch-7.17.4.jar;D:\apache\mvnrepo\org\elasticsearch\elasticsearch-core\7.17.4\elasticsearch-core-7.17.4.jar;D:\apache\mvnrepo\org\elasticsearch\elasticsearch-secure-sm\7.17.4\elasticsearch-secure-sm-7.17.4.jar;D:\apache\mvnrepo\org\elasticsearch\elasticsearch-x-content\7.17.4\elasticsearch-x-content-7.17.4.jar;D:\apache\mvnrepo\com\fasterxml\jackson\dataformat\jackson-dataformat-smile\2.13.3\jackson-dataformat-smile-2.13.3.jar;D:\apache\mvnrepo\com\fasterxml\jackson\dataformat\jackson-dataformat-yaml\2.13.3\jackson-dataformat-yaml-2.13.3.jar;D:\apache\mvnrepo\com\fasterxml\jackson\dataformat\jackson-dataformat-cbor\2.13.3\jackson-dataformat-cbor-2.13.3.jar;D:\apache\mvnrepo\org\elasticsearch\elasticsearch-geo\7.17.4\elasticsearch-geo-7.17.4.jar;D:\apache\mvnrepo\org\elasticsearch\elasticsearch-lz4\7.17.4\elasticsearch-lz4-7.17.4.jar;D:\apache\mvnrepo\org\lz4\lz4-java\1.8.0\lz4-java-1.8.0.jar;D:\apache\mvnrepo\org\apache\lucene\lucene-core\8.11.1\lucene-core-8.11.1.jar;D:\apache\mvnrepo\org\apache\lucene\lucene-analyzers-common\8.11.1\lucene-analyzers-common-8.11.1.jar;D:\apache\mvnrepo\org\apache\lucene\lucene-backward-codecs\8.11.1\lucene-backward-codecs-8.11.1.jar;D:\apache\mvnrepo\org\apache\lucene\lucene-grouping\8.11.1\lucene-grouping-8.11.1.jar;D:\apache\mvnrepo\org\apache\lucene\lucene-highlighter\8.11.1\lucene-highlighter-8.11.1.jar;D:\apache\mvnrepo\org\apache\lucene\lucene-join\8.11.1\lucene-join-8.11.1.jar;D:\apache\mvnrepo\org\apache\lucene\lucene-memory\8.11.1\lucene-memory-8.11.1.jar;D:\apache\mvnrepo\org\apache\lucene\lucene-misc\8.11.1\lucene-misc-8.11.1.jar;D:\apache\mvnrepo\org\apache\lucene\lucene-queries\8.11.1\lucene-queries-8.11.1.jar;D:\apache\mvnrepo\org\apache\lucene\lucene-queryparser\8.11.1\lucene-queryparser-8.11.1.jar;D:\apache\mvnrepo\org\apache\lucene\lucene-sandbox\8.11.1\lucene-sandbox-8.11.1.jar;D:\apache\mvnrepo\org\apache\lucene\lucene-spatial3d\8.11.1\lucene-spatial3d-8.11.1.jar;D:\apache\mvnrepo\org\apache\lucene\lucene-suggest\8.11.1\lucene-suggest-8.11.1.jar;D:\apache\mvnrepo\org\elasticsearch\elasticsearch-cli\7.17.4\elasticsearch-cli-7.17.4.jar;D:\apache\mvnrepo\net\sf\jopt-simple\jopt-simple\5.0.2\jopt-simple-5.0.2.jar;D:\apache\mvnrepo\com\carrotsearch\hppc\0.8.1\hppc-0.8.1.jar;D:\apache\mvnrepo\joda-time\joda-time\2.10.10\joda-time-2.10.10.jar;D:\apache\mvnrepo\com\tdunning\t-digest\3.2\t-digest-3.2.jar;D:\apache\mvnrepo\org\hdrhistogram\HdrHistogram\2.1.9\HdrHistogram-2.1.9.jar;D:\apache\mvnrepo\net\java\dev\jna\jna\5.10.0\jna-5.10.0.jar;D:\apache\mvnrepo\org\elasticsearch\elasticsearch-plugin-classloader\7.17.4\elasticsearch-plugin-classloader-7.17.4.jar;D:\apache\mvnrepo\org\elasticsearch\plugin\mapper-extras-client\7.17.4\mapper-extras-client-7.17.4.jar;D:\apache\mvnrepo\org\elasticsearch\plugin\parent-join-client\7.17.4\parent-join-client-7.17.4.jar;D:\apache\mvnrepo\org\elasticsearch\plugin\aggs-matrix-stats-client\7.17.4\aggs-matrix-stats-client-7.17.4.jar;D:\apache\mvnrepo\org\elasticsearch\plugin\rank-eval-client\7.17.4\rank-eval-client-7.17.4.jar;D:\apache\mvnrepo\org\elasticsearch\plugin\lang-mustache-client\7.17.4\lang-mustache-client-7.17.4.jar;D:\apache\mvnrepo\com\github\spullara\mustache\java\compiler\0.9.6\compiler-0.9.6.jar;D:\apache\mvnrepo\co\elastic\clients\elasticsearch-java\7.17.4\elasticsearch-java-7.17.4.jar;D:\apache\mvnrepo\com\google\code\findbugs\jsr305\3.0.2\jsr305-3.0.2.jar;D:\apache\mvnrepo\jakarta\json\jakarta.json-api\1.1.6\jakarta.json-api-1.1.6.jar;D:\apache\mvnrepo\org\eclipse\parsson\parsson\1.0.0\parsson-1.0.0.jar;D:\apache\mvnrepo\org\elasticsearch\client\elasticsearch-rest-client\7.17.4\elasticsearch-rest-client-7.17.4.jar;D:\apache\mvnrepo\org\apache\httpcomponents\httpasyncclient\4.1.5\httpasyncclient-4.1.5.jar;D:\apache\mvnrepo\org\apache\httpcomponents\httpcore-nio\4.4.15\httpcore-nio-4.4.15.jar;D:\apache\mvnrepo\com\fasterxml\jackson\core\jackson-core\2.13.3\jackson-core-2.13.3.jar;D:\apache\mvnrepo\com\github\xiaoymin\knife4j-openapi2-spring-boot-starter\4.4.0\knife4j-openapi2-spring-boot-starter-4.4.0.jar;D:\apache\mvnrepo\com\github\xiaoymin\knife4j-core\4.4.0\knife4j-core-4.4.0.jar;D:\apache\mvnrepo\com\github\xiaoymin\knife4j-openapi2-ui\4.4.0\knife4j-openapi2-ui-4.4.0.jar;D:\apache\mvnrepo\org\javassist\javassist\3.25.0-GA\javassist-3.25.0-GA.jar;D:\apache\mvnrepo\io\springfox\springfox-swagger2\2.10.5\springfox-swagger2-2.10.5.jar;D:\apache\mvnrepo\io\springfox\springfox-spi\2.10.5\springfox-spi-2.10.5.jar;D:\apache\mvnrepo\io\springfox\springfox-core\2.10.5\springfox-core-2.10.5.jar;D:\apache\mvnrepo\io\springfox\springfox-schema\2.10.5\springfox-schema-2.10.5.jar;D:\apache\mvnrepo\io\springfox\springfox-swagger-common\2.10.5\springfox-swagger-common-2.10.5.jar;D:\apache\mvnrepo\io\springfox\springfox-spring-web\2.10.5\springfox-spring-web-2.10.5.jar;D:\apache\mvnrepo\io\github\classgraph\classgraph\4.1.7\classgraph-4.1.7.jar;D:\apache\mvnrepo\com\fasterxml\classmate\1.5.1\classmate-1.5.1.jar;D:\apache\mvnrepo\org\springframework\plugin\spring-plugin-core\2.0.0.RELEASE\spring-plugin-core-2.0.0.RELEASE.jar;D:\apache\mvnrepo\org\springframework\plugin\spring-plugin-metadata\2.0.0.RELEASE\spring-plugin-metadata-2.0.0.RELEASE.jar;D:\apache\mvnrepo\org\mapstruct\mapstruct\1.3.1.Final\mapstruct-1.3.1.Final.jar;D:\apache\mvnrepo\io\swagger\swagger-models\1.6.6\swagger-models-1.6.6.jar;D:\apache\mvnrepo\com\fasterxml\jackson\core\jackson-annotations\2.13.3\jackson-annotations-2.13.3.jar;D:\apache\mvnrepo\io\swagger\swagger-annotations\1.6.6\swagger-annotations-1.6.6.jar;D:\apache\mvnrepo\io\springfox\springfox-bean-validators\2.10.5\springfox-bean-validators-2.10.5.jar;D:\apache\mvnrepo\io\springfox\springfox-spring-webmvc\2.10.5\springfox-spring-webmvc-2.10.5.jar;D:\apache\mvnrepo\org\apache\commons\commons-lang3\3.12.0\commons-lang3-3.12.0.jar;D:\apache\mvnrepo\cn\hutool\hutool-all\5.8.8\hutool-all-5.8.8.jar;D:\apache\mvnrepo\org\springframework\boot\spring-boot-devtools\2.7.2\spring-boot-devtools-2.7.2.jar;D:\apache\mvnrepo\org\springframework\boot\spring-boot\2.7.2\spring-boot-2.7.2.jar;D:\apache\mvnrepo\mysql\mysql-connector-java\8.0.29\mysql-connector-java-8.0.29.jar;D:\apache\mvnrepo\org\springframework\boot\spring-boot-configuration-processor\2.7.2\spring-boot-configuration-processor-2.7.2.jar;D:\apache\mvnrepo\org\projectlombok\lombok\1.18.24\lombok-1.18.24.jar;D:\apache\mvnrepo\org\springframework\boot\spring-boot-starter-test\2.7.2\spring-boot-starter-test-2.7.2.jar;D:\apache\mvnrepo\org\springframework\boot\spring-boot-test\2.7.2\spring-boot-test-2.7.2.jar;D:\apache\mvnrepo\org\springframework\boot\spring-boot-test-autoconfigure\2.7.2\spring-boot-test-autoconfigure-2.7.2.jar;D:\apache\mvnrepo\com\jayway\jsonpath\json-path\2.7.0\json-path-2.7.0.jar;D:\apache\mvnrepo\net\minidev\json-smart\2.4.8\json-smart-2.4.8.jar;D:\apache\mvnrepo\net\minidev\accessors-smart\2.4.8\accessors-smart-2.4.8.jar;D:\apache\mvnrepo\org\ow2\asm\asm\9.1\asm-9.1.jar;D:\apache\mvnrepo\jakarta\xml\bind\jakarta.xml.bind-api\2.3.3\jakarta.xml.bind-api-2.3.3.jar;D:\apache\mvnrepo\jakarta\activation\jakarta.activation-api\1.2.2\jakarta.activation-api-1.2.2.jar;D:\apache\mvnrepo\org\assertj\assertj-core\3.22.0\assertj-core-3.22.0.jar;D:\apache\mvnrepo\org\hamcrest\hamcrest\2.2\hamcrest-2.2.jar;D:\apache\mvnrepo\org\junit\jupiter\junit-jupiter\5.8.2\junit-jupiter-5.8.2.jar;D:\apache\mvnrepo\org\junit\jupiter\junit-jupiter-api\5.8.2\junit-jupiter-api-5.8.2.jar;D:\apache\mvnrepo\org\opentest4j\opentest4j\1.2.0\opentest4j-1.2.0.jar;D:\apache\mvnrepo\org\junit\platform\junit-platform-commons\1.8.2\junit-platform-commons-1.8.2.jar;D:\apache\mvnrepo\org\apiguardian\apiguardian-api\1.1.2\apiguardian-api-1.1.2.jar;D:\apache\mvnrepo\org\junit\jupiter\junit-jupiter-params\5.8.2\junit-jupiter-params-5.8.2.jar;D:\apache\mvnrepo\org\junit\jupiter\junit-jupiter-engine\5.8.2\junit-jupiter-engine-5.8.2.jar;D:\apache\mvnrepo\org\junit\platform\junit-platform-engine\1.8.2\junit-platform-engine-1.8.2.jar;D:\apache\mvnrepo\org\mockito\mockito-core\4.5.1\mockito-core-4.5.1.jar;D:\apache\mvnrepo\net\bytebuddy\byte-buddy\1.12.12\byte-buddy-1.12.12.jar;D:\apache\mvnrepo\net\bytebuddy\byte-buddy-agent\1.12.12\byte-buddy-agent-1.12.12.jar;D:\apache\mvnrepo\org\objenesis\objenesis\3.2\objenesis-3.2.jar;D:\apache\mvnrepo\org\mockito\mockito-junit-jupiter\4.5.1\mockito-junit-jupiter-4.5.1.jar;D:\apache\mvnrepo\org\skyscreamer\jsonassert\1.5.1\jsonassert-1.5.1.jar;D:\apache\mvnrepo\com\vaadin\external\google\android-json\0.0.20131108.vaadin1\android-json-0.0.20131108.vaadin1.jar;D:\apache\mvnrepo\org\springframework\spring-core\5.3.22\spring-core-5.3.22.jar;D:\apache\mvnrepo\org\springframework\spring-test\5.3.22\spring-test-5.3.22.jar;D:\apache\mvnrepo\org\xmlunit\xmlunit-core\2.9.0\xmlunit-core-2.9.0.jar;"/>
    <property name="sun.cpu.endian" value="little"/>
    <property name="user.home" value="C:\Users\admin"/>
    <property name="user.language" value="zh"/>
    <property name="java.specification.vendor" value="Oracle Corporation"/>
    <property name="java.version.date" value="2024-04-16"/>
    <property name="java.home" value="D:\Java\jdk-17"/>
    <property name="file.separator" value="\"/>
    <property name="basedir" value="C:\Users\admin\Documents\毕设\2025\code\znoj-backend"/>
    <property name="java.vm.compressedOopsMode" value="Zero based"/>
    <property name="line.separator" value="&#10;"/>
    <property name="java.vm.specification.vendor" value="Oracle Corporation"/>
    <property name="java.specification.name" value="Java Platform API Specification"/>
    <property name="surefire.real.class.path" value="C:\Users\admin\AppData\Local\Temp\surefire431842844847063016\surefirebooter2151568294416703461.jar"/>
    <property name="user.script" value=""/>
    <property name="sun.management.compiler" value="HotSpot 64-Bit Tiered Compilers"/>
    <property name="java.runtime.version" value="17.0.11+7-LTS-207"/>
    <property name="user.name" value="admin"/>
    <property name="path.separator" value=";"/>
    <property name="os.version" value="10.0"/>
    <property name="java.runtime.name" value="Java(TM) SE Runtime Environment"/>
    <property name="file.encoding" value="GBK"/>
    <property name="java.vm.name" value="Java HotSpot(TM) 64-Bit Server VM"/>
    <property name="localRepository" value="D:\apache\mvnrepo"/>
    <property name="java.vendor.url.bug" value="https://bugreport.java.com/bugreport/"/>
    <property name="java.io.tmpdir" value="C:\Users\admin\AppData\Local\Temp\"/>
    <property name="idea.version" value="2023.3.2"/>
    <property name="java.version" value="17.0.11"/>
    <property name="user.dir" value="C:\Users\admin\Documents\毕设\2025\code\znoj-backend"/>
    <property name="os.arch" value="amd64"/>
    <property name="java.vm.specification.name" value="Java Virtual Machine Specification"/>
    <property name="sun.os.patch.level" value=""/>
    <property name="native.encoding" value="GBK"/>
    <property name="java.library.path" value="D:\Java\jdk-17\bin;C:\Windows\Sun\Java\bin;C:\Windows\system32;C:\Windows;C:\Program Files (x86)\VMware\VMware Workstation\bin\;c:\Users\admin\AppData\Local\Programs\cursor\resources\app\bin;C:\Program Files\NVIDIA GPU Computing Toolkit\CUDA\v12.4\bin;C:\Program Files\NVIDIA GPU Computing Toolkit\CUDA\v12.4\libnvvp;C:\Program Files\Common Files\Oracle\Java\javapath;D:\apache\mysql-5.7.44-winx64\bin;C:\Windows\System32\HWAudioDriverLibs;D:\Java\LibericaJDK-17\bin;C:\Windows\system32;C:\Windows;C:\Windows\System32\Wbem;C:\Windows\System32\WindowsPowerShell\v1.0\;C:\Windows\System32\OpenSSH\;C:\Program Files (x86)\NVIDIA Corporation\PhysX\Common;C:\Program Files\platform-tools;C:\Program Files\dotnet\;C:\Users\admin\AppData\Local\bin\NASM;D:\apache\apache-maven-3.9.6\bin;C:\Windows\system32\config\systemprofile\AppData\Local\Microsoft\WindowsApps;C:\Program Files\devcon;C:\Program Files\Redis\;C:\Program Files\TortoiseGit\bin;C:\Users\admin\AppData\Roaming\nvm;C:\nvm4w\nodejs;C:\Program Files (x86)\ZeroTier\One\;C:\CTEX\UserData\miktex\bin;C:\CTEX\MiKTeX\mikte;c:\Users\admin\AppData\Local\Programs\cursor\resources\app\bin;C:\Program Files\RedPanda-Cpp\MinGW64\bin;C:\texlive\2024\bin\windows;C:\Program Files\NVIDIA Corporation\NVIDIA app\NvDLISR;C:\Program Files\Google\Chrome\Application;C:\ProgramData\Microsoft\Windows\Start Menu\Programs;C:\Program Files\Git\cmd;C:\Users\admin\AppData\Local\Programs\Python\Launcher\;C:\Users\admin\.cargo\bin;C:\Users\admin\AppData\Local\pnpm;C:\Users\admin\AppData\Local\Microsoft\WindowsApps;C:\Users\admin\AppData\Local\Programs\Microsoft VS Code\bin;C:\Users\admin\AppData\Roaming\nvm;C:\nvm4w\nodejs;C:\Users\admin\AppData\Local\Microsoft\WinGet\Links;C:\Users\admin\AppData\Local\Programs\oh-my-posh\bin;C:\Users\admin\AppData\Roaming\npm;D:\Huawei\DevEco Studio\bin;C:\Users\admin\AppData\Local\Programs\Fiddler;C:\Users\admin\AppData\Local\Programs\Ollama;C:\texlive\2024\bin\windows;C:\Users\admin\AppData\Local\GitHubDesktop\bin;."/>
    <property name="java.vm.info" value="mixed mode, sharing"/>
    <property name="java.vendor" value="Oracle Corporation"/>
    <property name="java.vm.version" value="17.0.11+7-LTS-207"/>
    <property name="sun.io.unicode.encoding" value="UnicodeLittle"/>
    <property name="maven.repo.local" value="D:\apache\mvnrepo"/>
    <property name="java.class.version" value="61.0"/>
  </properties>
  <testcase name="executeCodeByProxy" classname="com.zn.znoj.judge.sandbox.SandBoxTest" time="0.542"/>
  <testcase name="executeCodeByValue" classname="com.zn.znoj.judge.sandbox.SandBoxTest" time="0.003"/>
</testsuite>